<?xml version="1.0" encoding="UTF-8"?>
<testng-results skipped="0" failed="0" ignored="0" total="2" passed="2">
  <reporter-output>
  </reporter-output>
  <suite name="Default suite" duration-ms="30028" started-at="2020-07-13T12:56:33 IST" finished-at="2020-07-13T12:57:03 IST">
    <groups>
    </groups>
    <test name="Default test" duration-ms="30028" started-at="2020-07-13T12:56:33 IST" finished-at="2020-07-13T12:57:03 IST">
      <class name="com.qa.BMS.pageTest.LoginTest">
        <test-method status="PASS" signature="browserLaunch()[pri:0, instance:com.qa.BMS.pageTest.LoginTest@1f7030a6]" name="browserLaunch" duration-ms="25131" started-at="2020-07-13T12:56:33 IST" finished-at="2020-07-13T12:56:58 IST">
          <reporter-output>
          </reporter-output>
        </test-method> <!-- browserLaunch -->
        <test-method status="PASS" signature="verifyLogin()[pri:0, instance:com.qa.BMS.pageTest.LoginTest@1f7030a6]" name="verifyLogin" duration-ms="4828" started-at="2020-07-13T12:56:58 IST" finished-at="2020-07-13T12:57:03 IST">
          <reporter-output>
          </reporter-output>
        </test-method> <!-- verifyLogin -->
      </class> <!-- com.qa.BMS.pageTest.LoginTest -->
    </test> <!-- Default test -->
  </suite> <!-- Default suite -->
</testng-results>
